# History (git log)


## Commit 35 
| Item | Info | 
| :--- | :--- |
| Date | Sun Dec 15 02:47:26 2024 -0500 |
| Author | Dan Rhea <dan.rhea@gmail.com> |
| Message | Added debug prints to the random routine |
| commit | 0ca5e33f584c3685e6873d41ed681113ecf3f988 |


## Commit 34 
| Item | Info | 
| :--- | :--- |
| Date | Sun Dec 15 02:39:55 2024 -0500 |
| Author | Dan Rhea <dan.rhea@gmail.com> |
| Message | Added debug prints to the random routine |
| commit | a6d176f9d4f3b684cb840892aae91ca7df61aed5 |


## Commit 33 
| Item | Info | 
| :--- | :--- |
| Date | Sat Dec 7 11:57:46 2024 -0500 |
| Author | Dan Rhea <dan.rhea@gmail.com> |
| Message | Added code to debug 'getrand' as it has issues |
| commit | 02eb768b7a25746a5262a16824b0bb599b675520 |


## Commit 32 
| Item | Info | 
| :--- | :--- |
| Date | Sat Dec 7 11:52:26 2024 -0500 |
| Author | Dan Rhea <dan.rhea@gmail.com> |
| Message | Added code to debug 'getrand' as it has issues |
| commit | da5ada3c965c888a7a7a592b70b5f4df3b08e142 |


## Commit 31 
| Item | Info | 
| :--- | :--- |
| Date | Thu Aug 8 19:05:41 2024 -0400 |
| Author | Dan Rhea <dan.rhea@gmail.com> |
| Message | Small readme tweak (formatting) |
| commit | 2c653af37e4f11bcf9b5c7890a29ef75aaa39b88 |


## Commit 30 
| Item | Info | 
| :--- | :--- |
| Date | Thu Aug 8 19:02:45 2024 -0400 |
| Author | Dan Rhea <dan.rhea@gmail.com> |
| Message | Added some missing comment lines |
| commit | 38d7d1edb7ba1327d23054c1e828671df4656736 |


## Commit 29 
| Item | Info | 
| :--- | :--- |
| Date | Thu Aug 8 18:58:37 2024 -0400 |
| Author | Dan Rhea <dan.rhea@gmail.com> |
| Message | Added invalid input message that will drop through help, uses label "error" |
| commit | 37482a60c46a2beece73931c75a5fbaab74c5a4d |


## Commit 28 
| Item | Info | 
| :--- | :--- |
| Date | Thu Aug 8 18:48:04 2024 -0400 |
| Author | Dan Rhea <dan.rhea@gmail.com> |
| Message | Added external C references to readme. |
| commit | 02af9072ba673960cb1c4bcbe74573e74ea9425b |


## Commit 27 
| Item | Info | 
| :--- | :--- |
| Date | Mon Jul 22 09:33:53 2024 -0400 |
| Author | Lurchicus <dan.rhea@gmail.com> |
| Message | Added dependencies |
| commit | eeda1e9465fdf15a5911fbcaed9f46870c609531 |


## Commit 26 
| Item | Info | 
| :--- | :--- |
| Date | Fri Jul 12 17:57:55 2024 -0400 |
| Author | Dan Rhea <33766068+Lurchicus@users.noreply.github.com> |
| Message | Delete rpsls.lst |
| commit | 9eaf870a4db3f737f10cdc3bd3c0635e4b7986b2 |


## Commit 25 
| Item | Info | 
| :--- | :--- |
| Date | Fri Jul 12 17:55:19 2024 -0400 |
| Author | Lurchicus <dan.rhea@gmail.com> |
| Message | Removed the list file from repository and tweaked the random routine to not add 1 (for 0-4) |
| commit | dbc4161e8c687a3a83df2c1f2554a70a7206713e |


## Commit 24 
| Item | Info | 
| :--- | :--- |
| Date | Tue Jul 9 14:30:14 2024 -0400 |
| Author | Dan Rhea <dan.rhea@gmail.com> |
| Message | Adding a random number procedure to get a number from 1 to 5 |
| commit | 86619c55bd0961dca6a497f093bf7b64e2d557cb |


## Commit 23 
| Item | Info | 
| :--- | :--- |
| Date | Tue Jun 25 03:24:08 2024 -0400 |
| Author | Dan Rhea <dan.rhea@gmail.com> |
| Message | Testing from the bash shell. |
| commit | de6c1f541226b0ed10af4319ac5bf87778dc29f1 |


## Commit 22 
| Item | Info | 
| :--- | :--- |
| Date | Tue Jun 25 00:27:08 2024 -0400 |
| Author | Dan Rhea <dan.rhea@gmail.com> |
| Message | Did some reformatting on the changes file to make it more readable |
| commit | 82e9e70f1ae5267002478a8799570daf2df60746 |


## Commit 21 
| Item | Info | 
| :--- | :--- |
| Date | Tue Jun 25 00:13:16 2024 -0400 |
| Author | Dan Rhea <dan.rhea@gmail.com> |
| Message | Added a changes document and did some more cleanup on the readme file. |
| commit | 7177c5ecd0bc19b278ff7a8d7c2525f9771b332b |


## Commit 20 
| Item | Info | 
| :--- | :--- |
| Date | Mon Jun 17 18:19:45 2024 -0400 |
| Author | Dan Rhea <dan.rhea@gmail.com> |
| Message | Rewrote the debug toggle code and made sure the code loaded the toggle and not just the address of the toggle. Minor updates to the readme file as well. |
| commit | 6fbcf17b2d4d33f84d8d814115d3ae8101b9992d |


## Commit 19 
| Item | Info | 
| :--- | :--- |
| Date | Mon Jun 17 17:58:06 2024 -0400 |
| Author | Dan Rhea <dan.rhea@gmail.com> |
| Message | More VT100 stuff (added red) also rewrote the debug toggle code. |
| commit | 09dae3421ac9b4552b719e3e14b4473de7ac687b |


## Commit 18 
| Item | Info | 
| :--- | :--- |
| Date | Mon Jun 17 17:56:01 2024 -0400 |
| Author | Dan Rhea <dan.rhea@gmail.com> |
| Message | Added vt code for red and rewrote the debug toggle code. |
| commit | cfdc19de4fb3d3397121e35f64d5abcf52eba6d2 |


## Commit 17 
| Item | Info | 
| :--- | :--- |
| Date | Mon Jun 17 17:27:10 2024 -0400 |
| Author | Dan Rhea <dan.rhea@gmail.com> |
| Message | Added VT100 color escape codes. |
| commit | 4931bb738dfcee41afe24c264c9d062558dc466b |


## Commit 16 
| Item | Info | 
| :--- | :--- |
| Date | Wed Jun 12 00:23:34 2024 -0400 |
| Author | Dan Rhea <dan.rhea@gmail.com> |
| Message | Updated the readme file and changed an 8 to ADLEN in the new code |
| commit | dfb1dc486aa81f81ba1d9009534a85ab1bcd6ddc |


## Commit 15 
| Item | Info | 
| :--- | :--- |
| Date | Tue Jun 11 23:32:10 2024 -0400 |
| Author | Dan Rhea <dan.rhea@gmail.com> |
| Message | got the code to iterate through the proxy/command address working. Progress! |
| commit | 890d80b271d70ac79be2d6d4399fb6aad988851b |


## Commit 14 
| Item | Info | 
| :--- | :--- |
| Date | Mon Jun 10 16:49:26 2024 -0400 |
| Author | Dan Rhea (aka Lurchicus) <dan.rhea@gmail.com> |
| Message | Modified the line output for verifying user input and updated the readme file. |
| commit | 120e65bfaad29cd7f7be612044f9ba42df4d6b46 |


## Commit 13 
| Item | Info | 
| :--- | :--- |
| Date | Mon Jun 10 16:30:05 2024 -0400 |
| Author | Dan Rhea (aka Lurchicus) <dan.rhea@gmail.com> |
| Message | Corrected R14 clear to use xor in creads. |
| commit | 2e0e606e6cfefff2511cbd9c7a6c939874dce5bb |


## Commit 12 
| Item | Info | 
| :--- | :--- |
| Date | Mon Jun 10 15:17:25 2024 -0400 |
| Author | Dan Rhea <dan.rhea@gmail.com> |
| Message | Added expanded comment blocks and an end address for each lookup table so we know when to stop traversing the tables. |
| commit | ba3bf6f4657b2b00407d5b1031173dfd8e7dc479 |


## Commit 11 
| Item | Info | 
| :--- | :--- |
| Date | Tue Jun 4 18:10:11 2024 -0400 |
| Author | Dan Rhea <dan.rhea@gmail.com> |
| Message | Documented gets bug fix in code |
| commit | bd57319e36b22ce9bea60a8d50012d0e5a696e3e |


## Commit 10 
| Item | Info | 
| :--- | :--- |
| Date | Tue May 28 14:24:04 2024 -0400 |
| Author | Dan Rhea <dan.rhea@gmail.com> |
| Message | Updated readme with correction info for the reads subroutine. |
| commit | e6ff734e84634ef559c5e426a6c63e42e37acaea |


## Commit 9 
| Item | Info | 
| :--- | :--- |
| Date | Fri May 24 12:25:04 2024 -0400 |
| Author | Dan Rhea <dan.rhea@gmail.com> |
| Message | Fixed the character input routine. R14 was initialized incorrectly |
| commit | c35e069c7ade0777fc0726d739184396cf85a9d5 |


## Commit 8 
| Item | Info | 
| :--- | :--- |
| Date | Mon Mar 25 14:36:15 2024 -0400 |
| Author | Dan Rhea <dan.rhea@gmail.com> |
| Message | Created .gitignore and added pure binary files to it. |
| commit | 2a1d6f65abb90a733b3fbe216aee59a63a8b691b |


## Commit 7 
| Item | Info | 
| :--- | :--- |
| Date | Mon Mar 25 14:10:55 2024 -0400 |
| Author | Dan Rhea <dan.rhea@gmail.com> |
| Message | Some tweaks to try and fix the issue where my input won't echo. |
| commit | e4016e585ce8b6fe874a44dbd9be1cea33ef4153 |


## Commit 6 
| Item | Info | 
| :--- | :--- |
| Date | Sun Mar 24 05:15:24 2024 -0400 |
| Author | Dan Rhea <dan.rhea@gmail.com> |
| Message | added a string input routine |
| commit | 1457be0777c6b1d8ecdc8d4de581a4bb058bade1 |


## Commit 5 
| Item | Info | 
| :--- | :--- |
| Date | Sun Mar 17 05:48:00 2024 -0400 |
| Author | Dan Rhea <dan.rhea@gmail.com> |
| Message | rebuild after moving project to new folder |
| commit | b8ca027f6831231eda5a83343d9931fcf8f4567a |


## Commit 4 
| Item | Info | 
| :--- | :--- |
| Date | Sun Mar 17 05:31:24 2024 -0400 |
| Author | Dan Rhea <dan.rhea@gmail.com> |
| Message | Fixed doubled 'by' in readme details |
| commit | 8b6b0c3a685180f7a3f884f44cc6f9d5c41e7360 |


## Commit 3 
| Item | Info | 
| :--- | :--- |
| Date | Sun Mar 17 04:55:13 2024 -0400 |
| Author | Dan Rhea <dan.rhea@gmail.com> |
| Message | Added to GitHub and updated readme file |
| commit | bb8fd9e608c0eb4f3483d7a13e8ed4178813f80a |


## Commit 2 
| Item | Info | 
| :--- | :--- |
| Date | Sun Mar 17 04:22:46 2024 -0400 |
| Author | Dan Rhea <33766068+Lurchicus@users.noreply.github.com> |
| Message | Initial commit to GitHub of project in progress |
| commit | c7c4afbb5ddd1c22b30df7e0af3cc473ca50784e |


## Commit 1 
| Item | Info | 
| :--- | :--- |
| Date | Sun Mar 17 04:18:56 2024 -0400 |
| Author | Dan Rhea <33766068+Lurchicus@users.noreply.github.com> |
| Message | Initial commit |
| commit | 0067ecca4e03f32604c1ba048f9b16cae9f48d55 |
